{
  "RSpec": {
    "coverage": {
      "C:/Users/brian/Downloads/sds-cpf/app/helpers/api/v1/employees_helper.rb": {
        "lines": [
          1,
          null
        ]
      },
      "C:/Users/brian/Downloads/sds-cpf/app/helpers/application_helper.rb": {
        "lines": [
          1,
          null
        ]
      },
      "C:/Users/brian/Downloads/sds-cpf/app/helpers/employees_helper.rb": {
        "lines": [
          1,
          null
        ]
      },
      "C:/Users/brian/Downloads/sds-cpf/app/helpers/home_helper.rb": {
        "lines": [
          1,
          null
        ]
      },
      "C:/Users/brian/Downloads/sds-cpf/app/controllers/chat_transcripts_controller.rb": {
        "lines": [
          1,
          1,
          null,
          1,
          4,
          null,
          2,
          1,
          null,
          1,
          null,
          null,
          null,
          null,
          1,
          1,
          null,
          null,
          null
        ]
      },
      "C:/Users/brian/Downloads/sds-cpf/app/controllers/application_controller.rb": {
        "lines": [
          1,
          null
        ]
      },
      "C:/Users/brian/Downloads/sds-cpf/app/models/chat_transcript.rb": {
        "lines": [
          null,
          1,
          null,
          1,
          1,
          2,
          null,
          1759,
          1,
          null,
          null,
          null,
          null,
          1758,
          null,
          null,
          null,
          null,
          null,
          null,
          null,
          null,
          null,
          null,
          null,
          null,
          null,
          null
        ]
      },
      "C:/Users/brian/Downloads/sds-cpf/app/models/application_record.rb": {
        "lines": [
          1,
          1,
          null
        ]
      },
      "C:/Users/brian/Downloads/sds-cpf/app/controllers/employees_controller.rb": {
        "lines": [
          1,
          1,
          null,
          null,
          1,
          0,
          0,
          null,
          0,
          0,
          0,
          0,
          0,
          null,
          0,
          0,
          0,
          null,
          null,
          null,
          null,
          null,
          1,
          null,
          null,
          null,
          1,
          2,
          null,
          null,
          null,
          1,
          null,
          null,
          null,
          1,
          2,
          null,
          2,
          1,
          null,
          1,
          null,
          null,
          null,
          null,
          1,
          0,
          0,
          null,
          0,
          null,
          null,
          null,
          null,
          1,
          0,
          0,
          null,
          null,
          1,
          0,
          0,
          null,
          0,
          0,
          null,
          null,
          0,
          null,
          null,
          1,
          null,
          null,
          1,
          1,
          null,
          null,
          null,
          1,
          2,
          null,
          null,
          null,
          null,
          null,
          null,
          null,
          null,
          null,
          null,
          null,
          null,
          null,
          null
        ]
      },
      "C:/Users/brian/Downloads/sds-cpf/app/models/employee.rb": {
        "lines": [
          1,
          1,
          1,
          1,
          1,
          null,
          null,
          1,
          2,
          0,
          null,
          null,
          null,
          null,
          1,
          0,
          null,
          0,
          0,
          0,
          null,
          null,
          null,
          1,
          0,
          null,
          null,
          null,
          1,
          0,
          null,
          null
        ]
      },
      "C:/Users/brian/Downloads/sds-cpf/app/controllers/api/v1/employees_controller.rb": {
        "lines": [
          0,
          0,
          0,
          null,
          null,
          0,
          0,
          0,
          0,
          null,
          null,
          0,
          0,
          0,
          null,
          null,
          0,
          0,
          null,
          0,
          0,
          0,
          0,
          0,
          0,
          null,
          null,
          0,
          0,
          0,
          0,
          0,
          0,
          0,
          null,
          null,
          0,
          0,
          0,
          0,
          null,
          0,
          0,
          0,
          0,
          0,
          0,
          0,
          0,
          0,
          0,
          0,
          0,
          null,
          0,
          null,
          null,
          0,
          0,
          0,
          0,
          0,
          null,
          null,
          0,
          0,
          0,
          0
        ],
        "branches": {
        }
      },
      "C:/Users/brian/Downloads/sds-cpf/app/controllers/home_controller.rb": {
        "lines": [
          0,
          0,
          0,
          0,
          0
        ],
        "branches": {
        }
      },
      "C:/Users/brian/Downloads/sds-cpf/app/serializers/employee_serializer.rb": {
        "lines": [
          0,
          0,
          0,
          0
        ],
        "branches": {
        }
      },
      "C:/Users/brian/Downloads/sds-cpf/app/services/employee_csv_export_service.rb": {
        "lines": [
          0,
          null,
          0,
          0,
          0,
          0,
          null,
          0,
          0,
          0,
          null,
          0,
          0,
          0,
          0,
          0,
          null,
          0,
          null,
          0,
          0,
          0,
          null,
          0,
          0,
          0,
          0
        ],
        "branches": {
        }
      },
      "C:/Users/brian/Downloads/sds-cpf/app/services/employee_excel_export_service.rb": {
        "lines": [
          null,
          0,
          null,
          0,
          0,
          null,
          0,
          0,
          0,
          null,
          0,
          0,
          0,
          null,
          null,
          0,
          0,
          null,
          null,
          0,
          0,
          0,
          0,
          0,
          0,
          0,
          0,
          0,
          0,
          0,
          0,
          0,
          0,
          0,
          0,
          0,
          null,
          null,
          0,
          0,
          0,
          0,
          0
        ],
        "branches": {
        }
      }
    },
    "timestamp": 1720677753
  }
}
